#
# There is insufficient memory for the Java Runtime Environment to continue.
# Native memory allocation (mmap) failed to map 201326592 bytes for Failed to commit area from 0x0000000741600000 to 0x000000074d600000 of length 201326592.
# Possible reasons:
#   The system is out of physical RAM or swap space
#   The process is running with CompressedOops enabled, and the Java Heap may be blocking the growth of the native heap
# Possible solutions:
#   Reduce memory load on the system
#   Increase physical memory or swap space
#   Check if swap backing store is full
#   Decrease Java heap size (-Xmx/-Xms)
#   Decrease number of Java threads
#   Decrease Java thread stack sizes (-Xss)
#   Set larger code cache with -XX:ReservedCodeCacheSize=
# This output file may be truncated or incomplete.
#
#  Out of Memory Error (./src/hotspot/os/windows/os_windows.cpp:3521), pid=7880, tid=3024
#
# JRE version:  (11.0.12+7) (build )
# Java VM: OpenJDK 64-Bit Server VM (11.0.12+7-b1504.28-7817840, mixed mode, sharing, tiered, compressed oops, g1 gc, windows-amd64)
# No core dump will be written. Minidumps are not enabled by default on client versions of Windows
#

---------------  S U M M A R Y ------------

Command Line: org.jetbrains.kotlin.cli.jvm.K2JVMCompiler @C:\Projects\Andriod\push-sender\build\20220730_7758489341571973492.compiler.options

Host: Intel(R) Core(TM) i3-7020U CPU @ 2.30GHz, 4 cores, 11G,  Windows 10 , 64 bit Build 19041 (10.0.19041.1200)
Time: Sat Jul 30 17:16:23 2022 RTZ 2 (зима) elapsed time: 0.010657 seconds (0d 0h 0m 0s)

---------------  T H R E A D  ---------------

Current thread (0x000001e2a9749800):  JavaThread "Unknown thread" [_thread_in_vm, id=3024, stack(0x000000d689a00000,0x000000d689b00000)]

Stack: [0x000000d689a00000,0x000000d689b00000]
Native frames: (J=compiled Java code, j=interpreted, Vv=VM code, C=native code)
V  [jvm.dll+0x5fbcea]
V  [jvm.dll+0x731905]
V  [jvm.dll+0x732f1d]
V  [jvm.dll+0x7335d3]
V  [jvm.dll+0x247bf8]
V  [jvm.dll+0x5f90b4]
V  [jvm.dll+0x5edc85]
V  [jvm.dll+0x305aeb]
V  [jvm.dll+0x305a5a]
V  [jvm.dll+0x305932]
V  [jvm.dll+0x30a896]
V  [jvm.dll+0x353803]
V  [jvm.dll+0x353f06]
V  [jvm.dll+0x353903]
V  [jvm.dll+0x2e0678]
V  [jvm.dll+0x2e1827]
V  [jvm.dll+0x710037]
V  [jvm.dll+0x71182c]
V  [jvm.dll+0x360da9]
V  [jvm.dll+0x6f390e]
V  [jvm.dll+0x3c9723]
V  [jvm.dll+0x3cb9b1]
C  [jli.dll+0x536b]
C  [ucrtbase.dll+0x21bb2]
C  [KERNEL32.DLL+0x17034]
C  [ntdll.dll+0x52651]


---------------  P R O C E S S  ---------------

Threads class SMR info:
_java_thread_list=0x000001e2a7e31930, length=0, elements={
}

Java Threads: ( => current thread )

Other Threads:
  0x000001e2a9762800 GCTaskThread "GC Thread#0" [stack: 0x000000d689b00000,0x000000d689c00000] [id=5136]
  0x000001e2a97a8000 ConcurrentGCThread "G1 Main Marker" [stack: 0x000000d689c00000,0x000000d689d00000] [id=2812]
  0x000001e2a97a9800 ConcurrentGCThread "G1 Conc#0" [stack: 0x000000d689d00000,0x000000d689e00000] [id=9620]

[error occurred during error reporting (printing all threads), id 0xc0000005, EXCEPTION_ACCESS_VIOLATION (0xc0000005) at pc=0x00007ffe05940be7]

VM state:not at safepoint (not fully initialized)

VM Mutex/Monitor currently owned by a thread:  ([mutex/lock_event])
[0x000001e2a97454c0] Heap_lock - owner thread: 0x000001e2a9749800

Heap address: 0x0000000741600000, size: 3050 MB, Compressed Oops mode: Non-zero based: 0x0000000741600000
Narrow klass base: 0x0000000000000000, Narrow klass shift: 0

GC Heap History (0 events):
No events

Deoptimization events (0 events):
No events

Classes redefined (0 events):
No events

Internal exceptions (0 events):
No events

Events (1 events):
Event: 0.006 Loaded shared library C:\Program Files\Android\Android Studio\jre\bin\zip.dll


Dynamic libraries:
0x00007ff673f40000 - 0x00007ff673f4a000 	C:\Program Files\Android\Android Studio\jre\bin\java.exe
0x00007ffe334f0000 - 0x00007ffe336e5000 	C:\Windows\SYSTEM32\ntdll.dll
0x00007ffe31f30000 - 0x00007ffe31fee000 	C:\Windows\System32\KERNEL32.DLL
0x00007ffe30e60000 - 0x00007ffe31129000 	C:\Windows\System32\KERNELBASE.dll
0x00007ffe30cd0000 - 0x00007ffe30dd0000 	C:\Windows\System32\ucrtbase.dll
0x00007ffe2af90000 - 0x00007ffe2afa9000 	C:\Program Files\Android\Android Studio\jre\bin\jli.dll
0x00007ffe32b90000 - 0x00007ffe32d31000 	C:\Windows\System32\USER32.dll
0x00007ffe30c10000 - 0x00007ffe30c32000 	C:\Windows\System32\win32u.dll
0x00007ffe32210000 - 0x00007ffe3223b000 	C:\Windows\System32\GDI32.dll
0x00007ffe31430000 - 0x00007ffe3153b000 	C:\Windows\System32\gdi32full.dll
0x00007ffe31390000 - 0x00007ffe3142d000 	C:\Windows\System32\msvcp_win.dll
0x00007ffe2afb0000 - 0x00007ffe2afc7000 	C:\Program Files\Android\Android Studio\jre\bin\VCRUNTIME140.dll
0x00007ffe1db30000 - 0x00007ffe1ddca000 	C:\Windows\WinSxS\amd64_microsoft.windows.common-controls_6595b64144ccf1df_6.0.19041.1110_none_60b5254171f9507e\COMCTL32.dll
0x00007ffe31760000 - 0x00007ffe317fe000 	C:\Windows\System32\msvcrt.dll
0x00007ffe32a10000 - 0x00007ffe32a40000 	C:\Windows\System32\IMM32.DLL
0x00007ffe1e320000 - 0x00007ffe1e3bd000 	C:\Program Files\Android\Android Studio\jre\bin\msvcp140.dll
0x00007ffe05650000 - 0x00007ffe06135000 	C:\Program Files\Android\Android Studio\jre\bin\server\jvm.dll
0x00007ffe31800000 - 0x00007ffe318ac000 	C:\Windows\System32\ADVAPI32.dll
0x00007ffe33410000 - 0x00007ffe334ab000 	C:\Windows\System32\sechost.dll
0x00007ffe32010000 - 0x00007ffe3213a000 	C:\Windows\System32\RPCRT4.dll
0x00007ffe33040000 - 0x00007ffe33048000 	C:\Windows\System32\PSAPI.DLL
0x00007ffe2b250000 - 0x00007ffe2b277000 	C:\Windows\SYSTEM32\WINMM.dll
0x00007ffe2e5c0000 - 0x00007ffe2e5c9000 	C:\Windows\SYSTEM32\WSOCK32.dll
0x00007ffe29ff0000 - 0x00007ffe29ffa000 	C:\Windows\SYSTEM32\VERSION.dll
0x00007ffe32b20000 - 0x00007ffe32b8b000 	C:\Windows\System32\WS2_32.dll
0x00007ffe2eb10000 - 0x00007ffe2eb22000 	C:\Windows\SYSTEM32\kernel.appcore.dll
0x00007ffe2b000000 - 0x00007ffe2b011000 	C:\Program Files\Android\Android Studio\jre\bin\verify.dll
0x00007ffe1b130000 - 0x00007ffe1b314000 	C:\Windows\SYSTEM32\DBGHELP.DLL
0x00007ffe23c50000 - 0x00007ffe23c7c000 	C:\Windows\SYSTEM32\dbgcore.DLL
0x00007ffe30dd0000 - 0x00007ffe30e53000 	C:\Windows\System32\bcryptPrimitives.dll
0x00007ffe26a90000 - 0x00007ffe26ab9000 	C:\Program Files\Android\Android Studio\jre\bin\java.dll
0x00007ffe2e5a0000 - 0x00007ffe2e5ab000 	C:\Program Files\Android\Android Studio\jre\bin\jimage.dll
0x00007ffe29f80000 - 0x00007ffe29f98000 	C:\Program Files\Android\Android Studio\jre\bin\zip.dll

dbghelp: loaded successfully - version: 4.0.5 - missing functions: none
symbol engine: initialized successfully - sym options: 0x614 - pdb path: .;C:\Program Files\Android\Android Studio\jre\bin;C:\Windows\SYSTEM32;C:\Windows\WinSxS\amd64_microsoft.windows.common-controls_6595b64144ccf1df_6.0.19041.1110_none_60b5254171f9507e;C:\Program Files\Android\Android Studio\jre\bin\server

VM Arguments:
java_command: org.jetbrains.kotlin.cli.jvm.K2JVMCompiler @C:\Projects\Andriod\push-sender\build\20220730_7758489341571973492.compiler.options
java_class_path (initial): C:\Users\Ekaterina\.gradle\caches\modules-2\files-2.1\org.jetbrains.kotlin\kotlin-compiler-embeddable\1.7.10\909803167c98606fcf22b4c848647c68e351d48d\kotlin-compiler-embeddable-1.7.10.jar;C:\Users\Ekaterina\.gradle\caches\modules-2\files-2.1\org.jetbrains.kotlin\kotlin-reflect\1.7.10\165e600dfea6185cf5efa700756294cc4904dbeb\kotlin-reflect-1.7.10.jar;C:\Users\Ekaterina\.gradle\caches\modules-2\files-2.1\org.jetbrains.kotlin\kotlin-stdlib\1.7.10\d2abf9e77736acc4450dc4a3f707fa2c10f5099d\kotlin-stdlib-1.7.10.jar;C:\Users\Ekaterina\.gradle\caches\modules-2\files-2.1\org.jetbrains.kotlin\kotlin-script-runtime\1.7.10\c99c87a6988d8fd8d5142e9ed5c9f34a7cf561ee\kotlin-script-runtime-1.7.10.jar;C:\Users\Ekaterina\.gradle\caches\modules-2\files-2.1\org.jetbrains.kotlin\kotlin-daemon-embeddable\1.7.10\3a9f7aef7080d3ae63126cbba4f827ed664f32fa\kotlin-daemon-embeddable-1.7.10.jar;C:\Users\Ekaterina\.gradle\caches\modules-2\files-2.1\org.jetbrains.intellij.deps\trove4j\1.0.20200330\3afb14d5f9ceb459d724e907a21145e8ff394f02\trove4j-1.0.20200330.jar;C:\Users\Ekaterina\.gradle\caches\modules-2\files-2.1\net.java.dev.jna\jna\5.6.0\330f2244e9030119ab3030fc3fededc86713d9cc\jna-5.6.0.jar;C:\Users\Ekaterina\.gradle\caches\modules-2\files-2.1\org.jetbrains.kotlin\kotlin-stdlib-common\1.7.10\bac80c520d0a9e3f3673bc2658c6ed02ef45a76a\kotlin-stdlib-common-1.7.10.jar;C:\Users\Ekaterina\.gradle\caches\modules-2\files-2.1\org.jetbrains\annotations\13.0\919f0dfe192fb4e063e7dacadee7f8bb9a2672a9\annotations-13.0.jar
Launcher Type: SUN_STANDARD

[Global flags]
     intx CICompilerCount                          = 3                                         {product} {ergonomic}
     uint ConcGCThreads                            = 1                                         {product} {ergonomic}
     uint G1ConcRefinementThreads                  = 4                                         {product} {ergonomic}
   size_t G1HeapRegionSize                         = 1048576                                   {product} {ergonomic}
    uintx GCDrainStackTargetSize                   = 64                                        {product} {ergonomic}
   size_t InitialHeapSize                          = 201326592                                 {product} {ergonomic}
   size_t MarkStackSize                            = 4194304                                   {product} {ergonomic}
   size_t MaxHeapSize                              = 3198156800                                {product} {ergonomic}
   size_t MinHeapDeltaBytes                        = 1048576                                   {product} {ergonomic}
    uintx NonNMethodCodeHeapSize                   = 5830732                                {pd product} {ergonomic}
    uintx NonProfiledCodeHeapSize                  = 122913754                              {pd product} {ergonomic}
    uintx ProfiledCodeHeapSize                     = 122913754                              {pd product} {ergonomic}
    uintx ReservedCodeCacheSize                    = 251658240                              {pd product} {ergonomic}
     bool SegmentedCodeCache                       = true                                      {product} {ergonomic}
     bool UseCompressedClassPointers               = true                                 {lp64_product} {ergonomic}
     bool UseCompressedOops                        = true                                 {lp64_product} {ergonomic}
     bool UseG1GC                                  = true                                      {product} {ergonomic}
     bool UseLargePagesIndividualAllocation        = false                                  {pd product} {ergonomic}

Logging:
Log output configuration:
 #0: stdout all=warning uptime,level,tags
 #1: stderr all=off uptime,level,tags

Environment Variables:
PATH=C:\Windows\system32;C:\Windows;C:\Windows\System32\Wbem;C:\Windows\System32\WindowsPowerShell\v1.0\;C:\Program Files\Git\cmd;C:\Users\Ekaterina\AppData\Local\Microsoft\WindowsApps;;C:\Users\Ekaterina\AppData\Local\Programs\Microsoft VS Code\bin
USERNAME=Ekaterina
OS=Windows_NT
PROCESSOR_IDENTIFIER=Intel64 Family 6 Model 142 Stepping 9, GenuineIntel



---------------  S Y S T E M  ---------------

OS: Windows 10 , 64 bit Build 19041 (10.0.19041.1200)
OS uptime: 22 days 3:17 hours

CPU:total 4 (initial active 4) (2 cores per cpu, 2 threads per core) family 6 model 142 stepping 9 microcode 0xb4, cmov, cx8, fxsr, mmx, sse, sse2, sse3, ssse3, sse4.1, sse4.2, popcnt, avx, avx2, aes, clmul, erms, 3dnowpref, lzcnt, ht, tsc, tscinvbit, bmi1, bmi2, adx, fma

Memory: 4k page, system-wide physical 12197M (546M free)
TotalPageFile size 12197M (AvailPageFile size 82M)
current process WorkingSet (physical memory assigned to process): 9M, peak: 9M
current process commit charge ("private bytes"): 51M, peak: 243M

vm_info: OpenJDK 64-Bit Server VM (11.0.12+7-b1504.28-7817840) for windows-amd64 JRE (11.0.12+7-b1504.28-7817840), built on Oct 13 2021 22:12:33 by "builder" with MS VC++ 14.0 (VS2015)

END.
